<?xml version="1.0" encoding="UTF-8" ?>
<beans xmlns="http://www.springframework.org/schema/beans"
       xmlns:p="http://www.springframework.org/schema/p"
       xmlns:xsi="http://www.w3.org/2001/XMLSchema-instance"
       xmlns:task="http://www.springframework.org/schema/task"
       xmlns:aop="http://www.springframework.org/schema/aop" xmlns:tx="http://www.springframework.org/schema/tx"
       xmlns:hsf="http://www.alibaba-inc.com/schema/dxp/hsf" xmlns:util="http://www.springframework.org/schema/util"
       xmlns:context="http://www.springframework.org/schema/context"
       xsi:schemaLocation="http://www.springframework.org/schema/beans http://www.springframework.org/schema/beans/spring-beans-3.2.xsd
	http://www.springframework.org/schema/aop     http://www.springframework.org/schema/aop/spring-aop-3.2.xsd
	http://www.springframework.org/schema/tx http://www.springframework.org/schema/tx/spring-tx-3.2.xsd
	http://www.springframework.org/schema/task http://www.springframework.org/schema/task/spring-task-3.2.xsd
	http://www.springframework.org/schema/context http://www.springframework.org/schema/context/spring-context-3.2.xsd
	http://www.alibaba-inc.com/schema/dxp/hsf     http://www.alibaba-inc.com/schema/dxp/hsf/spring-hsf.xsd
	http://www.springframework.org/schema/util http://www.springframework.org/schema/util/spring-util-3.2.xsd ">

    <import resource="classpath*:spring/biz/spring-datasource.xml"/>
    <import resource="classpath*:spring/biz/spring-biz-dao.xml"/>

</beans>